<?xml version="1.0" encoding="UTF-8"?>
<!-- Generated by org.testng.reporters.JUnitReportReporter -->
<testsuite name="TestJenkins.NewTest" tests="1" time="0.005" ignored="0" failures="0" timestamp="13 Oct 2019 08:18:53 GMT" skipped="0" hostname="Sourav-PC" errors="0">
  <testcase name="f" time="0.005" classname="TestJenkins.NewTest"/>
</testsuite> <!-- TestJenkins.NewTest -->
